
Gurobi 7.5.1 (mac64, Java) logging started Wed Nov  1 12:18:33 2017

Optimize a model with 1 rows, 3 columns and 3 nonzeros
Model has 2 quadratic constraints
Coefficient statistics:
  Matrix range     [1e+00, 1e+00]
  QMatrix range    [1e+00, 1e+00]
  Objective range  [1e+00, 1e+00]
  Bounds range     [0e+00, 0e+00]
  RHS range        [1e+00, 1e+00]
Presolve time: 0.01s
Presolved: 6 rows, 6 columns, 13 nonzeros
Presolved model has 2 second-order cone constraints
Ordering time: 0.00s

Barrier statistics:
 AA' NZ     : 1.500e+01
 Factor NZ  : 2.100e+01
 Factor Ops : 9.100e+01 (less than 1 second per iteration)
 Threads    : 1

                  Objective                Residual
Iter       Primal          Dual         Primal    Dual     Compl     Time
   0   2.38095238e-01  2.38095238e-01  8.33e-17 4.33e-01  9.23e-02     0s
   1   3.20481543e-01  3.62123302e-01  2.78e-17 1.39e-02  7.95e-03     0s
   2   3.26649101e-01  3.28651430e-01  2.02e-14 5.44e-04  3.46e-04     0s
   3   3.26797051e-01  3.27019441e-01  2.56e-13 5.98e-10  2.78e-05     0s
   4   3.26990986e-01  3.26994814e-01  4.81e-13 3.46e-13  4.78e-07     0s
   5   3.26992304e-01  3.26992876e-01  9.02e-11 3.31e-14  7.15e-08     0s

Barrier solved model in 5 iterations and 0.01 seconds
Optimal objective 3.26992304e-01

